<Settings xmlns:xsi="http://www.w3.org/2001/XMLSchema-instance" xsi:noNamespaceSchemaLocation="TCPSerial.xsd">
	<!-- Master Phone Book. Items shared among pools can be placed here-->
	<PhoneBook>
		<Entry number="madworld" value="murdworld.bounceme.net:23"/>
		<Entry number="addixion" value="addixion.hopto.org:23"/>
		<Entry number="antidote" value="antidote.hopto.org:23"/>
		<Entry number="carbonek" value="65.40.213.24:23"/>
		<Entry number="dragonseye" value="dragonseye.dyndns.org:6400"/>
		<Entry number="elmstreet" value="elmstreet.dyndns.org:23"/>
		<Entry number="forgottenrealms" value="forgottenrealmsbbs.org:23"/>
		<Entry number="jammingsignal" value="bbs.jammingsignal.com:23"/>
		<Entry number="hidden" value="the-hidden.hopto.org:23"/>
		<Entry number="laststand" value="laststandbbs.net:23"/>
		<Entry number="lostcaverns" value="lostcavernsbbs.dyndns.org:6001"/>
		<Entry number="lostcaverns1" value="lostcavernsbbs.dyndns.org:6001"/>
		<Entry number="lostcaverns2" value="lostcavernsbbs.dyndns.org:6002"/>
		<Entry number="renaissancecity" value="renaissancecitybbs.dyndns.tv:23"/>
		<Entry number="rkbbs" value="rkbbs.net:23"/>
	</PhoneBook>
	<!-- You can have multiple Multiple ModemPools-->
	<ModemPool>
		<!-- You can leave Line out for outbound only system -->
		<Line port="6400"/>
		<!-- Put any default stuff here that applies to all modems-->
		<TemplateModem>
			<!--Default Initialization Parms-->
			<!--<Initialization>s0=1</Initialization>-->
			<!--Default Messages for various events-->
			<!--
			<Message action="answer" direction="local" location="local_answer.txt"/>
			<Message action="connect" direction="local" location="local_connect.txt"/>
			<Message action="busy" direction="local" location="local_busy.txt"/>
			<Message action="inactivity" direction="local" location="local_inactivity.txt"/>
			<Message action="no_answer" direction="local" location="local_non_answer.txt"/>
			<Message action="answer" direction="remote" location="remote_answer.txt"/>
			<Message action="connect" direction="remote" location="remote_connect.txt"/>
			<Message action="busy" direction="remote" location="remote_busy.txt"/>
			<Message action="inactivity" direction="remote" location="remote_inactivity.txt"/>
			<Message action="no_answer" direction="remote" location="remote_non_answer.txt"/>
			-->
			<!--Default Phone Book entries.  These are shared among the Pool-->
			<!--
			<PhoneBook>
				<Entry number="5551212" value="localhost:7"/>
			</PhoneBook>
			-->
		</TemplateModem>
		<!-- You can have multiple modems per ModemPool.  They will all share the same IP port for incoming calls.-->
		<!-- Modems all default to 38400 bps, unless specified-->
		<!-- To set up a Remote RS232 port, use the next line.  
		     Also remember to run org.jbrain.tcpser4j.RS232Forwarder on remote server before running tcpser4j 
		-->
		<!--<Modem type="remote232" device="hostname:port">-->
		
		<!-- To set up an inbound port to act like the DCE side of a modem (e.g., for the VICE emulator), use the next line-->
		<Modem type="ip232" device="25232">
		<!-- for a regular RS232 port, use the next Modem line-->
		<!-- device is platform specific, COM1-4 for PC, /dev/ttyS? for UNIX, etc.-->
		<!--<Modem type="rs232" device="COM1" speed="38400">-->
			<!-- Per modem init string.  If DefaultInit is also specified, per-modem init is added to end of default -->
			<Initialization>s0=2</Initialization>
			<Initialization>&amp;k0</Initialization>
			<!-- You can have more than one Init line.  It's useful to quickly comment out a specific command-->
			<!--
				<Initialization>s0=2</Initialization>
				<Initialization>l1</Initialization>
				<Initialization>m3</Initialization>
				<Initialization>s3=13</Initialization>
			-->
			<EventAction type="audio" action="dial" direction="local" content="audio\dial_tone.wav"/>
			<EventAction type="java" action="dial" direction="local" content="org.jbrain.tcpser4j.extras.actions.dialing.DialAudioEventAction"/>
			<EventAction type="audio" action="dial" direction="local" content="audio\ring.wav"/>
			<EventAction type="audio" action="ring" direction="local" content="audio\ring6.wav" asynchronous="true"/>
			<EventAction type="audio" action="pre_connect" direction="local" content="audio\V90.wav"/>
			<EventAction type="audio" action="pre_answer" direction="local" content="audio\V90.wav"/>
			<EventAction type="url" action="answer" direction="remote" content="http://www.jbrain.com/pub/cbm/books/hcw/readme.txt/${speed}"/>
			<EventAction type="file" action="answer" direction="local" content="c:/temp/songs.txt"/>
			<EventAction type="file" action="answer" direction="local" content="c:/temp/songs.txt"/>
			<!-- Per modem phone book.  This book is searched first, then the Pool, then the master book -->
			<!--
			<PhoneBook>
				<Entry number="home" value="dilbert"/>
			</PhoneBook>
			-->
		</Modem>
<!-- Stress testing... -->
<!--
<Modem type="ip232" device="25233"/>
<Modem type="ip232" device="25234"/>
<Modem type="ip232" device="25235"/>
<Modem type="ip232" device="25236"/>
<Modem type="ip232" device="25237"/>
<Modem type="ip232" device="25238"/>
<Modem type="ip232" device="25239"/>
<Modem type="ip232" device="25240"/>
<Modem type="ip232" device="25241"/>
<Modem type="ip232" device="25242"/>
<Modem type="ip232" device="25243"/>
<Modem type="ip232" device="25244"/>
<Modem type="ip232" device="25245"/>
<Modem type="ip232" device="25246"/>
<Modem type="ip232" device="25247"/>
<Modem type="ip232" device="25248"/>
<Modem type="ip232" device="25249"/>
<Modem type="ip232" device="25250"/>
<Modem type="ip232" device="25251"/>
<Modem type="ip232" device="25252"/>
<Modem type="ip232" device="25253"/>
<Modem type="ip232" device="25254"/>
<Modem type="ip232" device="25255"/>
<Modem type="ip232" device="25256"/>
<Modem type="ip232" device="25257"/>
<Modem type="ip232" device="25258"/>
<Modem type="ip232" device="25259"/>
<Modem type="ip232" device="25260"/>
<Modem type="ip232" device="25261"/>
<Modem type="ip232" device="25262"/>
<Modem type="ip232" device="25263"/>
<Modem type="ip232" device="25264"/>
<Modem type="ip232" device="25265"/>
<Modem type="ip232" device="25266"/>
<Modem type="ip232" device="25267"/>
<Modem type="ip232" device="25268"/>
<Modem type="ip232" device="25269"/>
<Modem type="ip232" device="25270"/>
<Modem type="ip232" device="25271"/>
<Modem type="ip232" device="25272"/>
<Modem type="ip232" device="25273"/>
<Modem type="ip232" device="25274"/>
<Modem type="ip232" device="25275"/>
<Modem type="ip232" device="25276"/>
<Modem type="ip232" device="25277"/>
<Modem type="ip232" device="25278"/>
<Modem type="ip232" device="25279"/>
<Modem type="ip232" device="25280"/>
<Modem type="ip232" device="25281"/>
<Modem type="ip232" device="25282"/>
<Modem type="ip232" device="25283"/>
<Modem type="ip232" device="25284"/>
<Modem type="ip232" device="25285"/>
<Modem type="ip232" device="25286"/>
<Modem type="ip232" device="25287"/>
<Modem type="ip232" device="25288"/>
<Modem type="ip232" device="25289"/>
<Modem type="ip232" device="25290"/>
<Modem type="ip232" device="25291"/>
<Modem type="ip232" device="25292"/>
<Modem type="ip232" device="25293"/>
<Modem type="ip232" device="25294"/>
<Modem type="ip232" device="25295"/>
<Modem type="ip232" device="25296"/>
<Modem type="ip232" device="25297"/>
<Modem type="ip232" device="25298"/>
<Modem type="ip232" device="25299"/>
<Modem type="ip232" device="25300"/>
<Modem type="ip232" device="25301"/>
<Modem type="ip232" device="25302"/>
<Modem type="ip232" device="25303"/>
<Modem type="ip232" device="25304"/>
<Modem type="ip232" device="25305"/>
<Modem type="ip232" device="25306"/>
<Modem type="ip232" device="25307"/>
<Modem type="ip232" device="25308"/>
<Modem type="ip232" device="25309"/>
<Modem type="ip232" device="25310"/>
<Modem type="ip232" device="25311"/>
<Modem type="ip232" device="25312"/>
<Modem type="ip232" device="25313"/>
<Modem type="ip232" device="25314"/>
<Modem type="ip232" device="25315"/>
<Modem type="ip232" device="25316"/>
<Modem type="ip232" device="25317"/>
<Modem type="ip232" device="25318"/>
<Modem type="ip232" device="25319"/>
<Modem type="ip232" device="25320"/>
<Modem type="ip232" device="25321"/>
<Modem type="ip232" device="25322"/>
<Modem type="ip232" device="25323"/>
<Modem type="ip232" device="25324"/>
<Modem type="ip232" device="25325"/>
<Modem type="ip232" device="25326"/>
<Modem type="ip232" device="25327"/>
<Modem type="ip232" device="25328"/>
<Modem type="ip232" device="25329"/>
<Modem type="ip232" device="25330"/>
<Modem type="ip232" device="25331"/>
<Modem type="ip232" device="25332"/>
<Modem type="ip232" device="25333"/>
<Modem type="ip232" device="25334"/>
<Modem type="ip232" device="25335"/>
<Modem type="ip232" device="25336"/>
<Modem type="ip232" device="25337"/>
<Modem type="ip232" device="25338"/>
<Modem type="ip232" device="25339"/>
<Modem type="ip232" device="25340"/>
<Modem type="ip232" device="25341"/>
<Modem type="ip232" device="25342"/>
<Modem type="ip232" device="25343"/>
<Modem type="ip232" device="25344"/>
<Modem type="ip232" device="25345"/>
<Modem type="ip232" device="25346"/>
<Modem type="ip232" device="25347"/>
<Modem type="ip232" device="25348"/>
<Modem type="ip232" device="25349"/>
<Modem type="ip232" device="25350"/>
<Modem type="ip232" device="25351"/>
<Modem type="ip232" device="25352"/>
<Modem type="ip232" device="25353"/>
<Modem type="ip232" device="25354"/>
<Modem type="ip232" device="25355"/>
<Modem type="ip232" device="25356"/>
<Modem type="ip232" device="25357"/>
<Modem type="ip232" device="25358"/>
<Modem type="ip232" device="25359"/>
<Modem type="ip232" device="25360"/>
<Modem type="ip232" device="25361"/>
<Modem type="ip232" device="25362"/>
<Modem type="ip232" device="25363"/>
<Modem type="ip232" device="25364"/>
<Modem type="ip232" device="25365"/>
<Modem type="ip232" device="25366"/>
<Modem type="ip232" device="25367"/>
<Modem type="ip232" device="25368"/>
<Modem type="ip232" device="25369"/>
<Modem type="ip232" device="25370"/>
<Modem type="ip232" device="25371"/>
<Modem type="ip232" device="25372"/>
<Modem type="ip232" device="25373"/>
<Modem type="ip232" device="25374"/>
<Modem type="ip232" device="25375"/>
<Modem type="ip232" device="25376"/>
<Modem type="ip232" device="25377"/>
<Modem type="ip232" device="25378"/>
<Modem type="ip232" device="25379"/>
<Modem type="ip232" device="25380"/>
<Modem type="ip232" device="25381"/>
<Modem type="ip232" device="25382"/>
<Modem type="ip232" device="25383"/>
<Modem type="ip232" device="25384"/>
<Modem type="ip232" device="25385"/>
<Modem type="ip232" device="25386"/>
<Modem type="ip232" device="25387"/>
<Modem type="ip232" device="25388"/>
<Modem type="ip232" device="25389"/>
<Modem type="ip232" device="25390"/>
<Modem type="ip232" device="25391"/>
<Modem type="ip232" device="25392"/>
<Modem type="ip232" device="25393"/>
<Modem type="ip232" device="25394"/>
<Modem type="ip232" device="25395"/>
<Modem type="ip232" device="25396"/>
<Modem type="ip232" device="25397"/>
<Modem type="ip232" device="25398"/>
<Modem type="ip232" device="25399"/>
<Modem type="ip232" device="25400"/>
<Modem type="ip232" device="25401"/>
<Modem type="ip232" device="25402"/>
<Modem type="ip232" device="25403"/>
<Modem type="ip232" device="25404"/>
<Modem type="ip232" device="25405"/>
<Modem type="ip232" device="25406"/>
<Modem type="ip232" device="25407"/>
<Modem type="ip232" device="25408"/>
<Modem type="ip232" device="25409"/>
<Modem type="ip232" device="25410"/>
<Modem type="ip232" device="25411"/>
<Modem type="ip232" device="25412"/>
<Modem type="ip232" device="25413"/>
<Modem type="ip232" device="25414"/>
<Modem type="ip232" device="25415"/>
<Modem type="ip232" device="25416"/>
<Modem type="ip232" device="25417"/>
<Modem type="ip232" device="25418"/>
<Modem type="ip232" device="25419"/>
<Modem type="ip232" device="25420"/>
<Modem type="ip232" device="25421"/>
<Modem type="ip232" device="25422"/>
<Modem type="ip232" device="25423"/>
<Modem type="ip232" device="25424"/>
<Modem type="ip232" device="25425"/>
<Modem type="ip232" device="25426"/>
<Modem type="ip232" device="25427"/>
<Modem type="ip232" device="25428"/>
<Modem type="ip232" device="25429"/>
<Modem type="ip232" device="25430"/>
<Modem type="ip232" device="25431"/>
<Modem type="ip232" device="25432"/>
<Modem type="ip232" device="25433"/>
-->
	</ModemPool>
</Settings>
